
> @myfitness/web@0.0.0 typecheck C:\Users\MUF4L4L1\Desktop\MyFitness\apps\web
> tsc -b

src/components/MotivationCard.tsx(43,11): error TS18048: 'quote' is possibly 'undefined'.
src/components/MotivationCard.tsx(45,46): error TS18048: 'quote' is possibly 'undefined'.
src/components/ProgressModal.tsx(119,29): error TS2532: Object is possibly 'undefined'.
src/components/ProgressModal.tsx(342,64): error TS2532: Object is possibly 'undefined'.
src/components/ProgressModal.tsx(360,84): error TS2532: Object is possibly 'undefined'.
src/components/ProgressModal.tsx(360,121): error TS2532: Object is possibly 'undefined'.
src/components/RecentWorkouts.tsx(2,15): error TS2459: Module '"../lib/mock-data"' declares 'Exercise' locally, but it is not exported.
src/components/WorkoutLogger.tsx(2,15): error TS2459: Module '"../lib/mock-data"' declares 'Exercise' locally, but it is not exported.
src/lib/api.ts(42,30): error TS2345: Argument of type '{ date: string | undefined; weight: number; }' is not assignable to parameter of type 'WeightEntry'.
  Types of property 'date' are incompatible.
    Type 'string | undefined' is not assignable to type 'string'.
      Type 'undefined' is not assignable to type 'string'.
src/lib/firebase.ts(6,23): error TS2339: Property 'env' does not exist on type 'ImportMeta'.
src/lib/firebase.ts(7,27): error TS2339: Property 'env' does not exist on type 'ImportMeta'.
src/lib/firebase.ts(8,26): error TS2339: Property 'env' does not exist on type 'ImportMeta'.
src/lib/firebase.ts(9,22): error TS2339: Property 'env' does not exist on type 'ImportMeta'.
src/lib/firebase.ts(12,17): error TS2339: Property 'env' does not exist on type 'ImportMeta'.
src/types.ts(2,46): error TS2307: Cannot find module './mock-data' or its corresponding type declarations.
 ELIFECYCLE  Command failed with exit code 1.
